<?xml version="1.0" encoding="UTF-8"?>
<testng-results ignored="0" total="1" passed="1" failed="0" skipped="0">
  <reporter-output>
    <line>
      <![CDATA[Testcase is Passed]]>
    </line>
  </reporter-output>
  <suite started-at="2025-05-08T20:46:04 IST" name="Suite" finished-at="2025-05-08T20:46:34 IST" duration-ms="30844">
    <groups>
    </groups>
    <test started-at="2025-05-08T20:46:04 IST" name="Test" finished-at="2025-05-08T20:46:34 IST" duration-ms="30844">
      <class name="TestProjPack.TestProj.TestAmazonFlow">
        <test-method is-config="true" signature="LaunchAmazon()[pri:0, instance:TestProjPack.TestProj.TestAmazonFlow@2ddc9a9f]" started-at="2025-05-08T20:46:04 IST" name="LaunchAmazon" finished-at="2025-05-08T20:46:10 IST" duration-ms="6488" status="PASS">
          <reporter-output>
          </reporter-output>
        </test-method> <!-- LaunchAmazon -->
        <test-method signature="TestCompFlow()[pri:0, instance:TestProjPack.TestProj.TestAmazonFlow@2ddc9a9f]" started-at="2025-05-08T20:46:10 IST" name="TestCompFlow" finished-at="2025-05-08T20:46:33 IST" duration-ms="22706" status="PASS">
          <reporter-output>
            <line>
              <![CDATA[Testcase is Passed]]>
            </line>
          </reporter-output>
        </test-method> <!-- TestCompFlow -->
        <test-method is-config="true" signature="QuitAmazon()[pri:0, instance:TestProjPack.TestProj.TestAmazonFlow@2ddc9a9f]" started-at="2025-05-08T20:46:33 IST" name="QuitAmazon" finished-at="2025-05-08T20:46:34 IST" duration-ms="1158" status="PASS">
          <reporter-output>
          </reporter-output>
        </test-method> <!-- QuitAmazon -->
      </class> <!-- TestProjPack.TestProj.TestAmazonFlow -->
    </test> <!-- Test -->
  </suite> <!-- Suite -->
</testng-results>
